Building DAG of jobs...
Using shell: /usr/bin/bash
Provided cluster nodes: 6
Job counts:
	count	jobs
	1	all
	1	trim
	2
Select jobs to execute...

[Mon Apr 12 16:24:05 2021]
rule trim:
    input: fastq/Sample_1_ExpControl_1_R1.fastq.gz, fastq/Sample_1_ExpControl_1_R2.fastq.gz
    output: trim/Sample_1_ExpControl_1_trimmed_R1.fastq.gz, trim/Sample_1_ExpControl_1_trimmed_R2.fastq.gz, logs/trim_reports/Sample_1_ExpControl_1.html, logs/trim_reports/Sample_1_ExpControl_1.json
    log: logs/trim_reports/Sample_1_ExpControl_1.log
    jobid: 1
    wildcards: sample=Sample_1_ExpControl_1
    threads: 4

WorkflowError in line 42 of /gpfs/home/gildem01/workflows/CUT-RUN/Snakefile:
'Wildcards' object has no attribute 'Job_name'
  File "/gpfs/data/fisherlab/conda_envs/CUT-RUN/lib/python3.9/site-packages/snakemake/executors/__init__.py", line 136, in run_jobs
  File "/gpfs/data/fisherlab/conda_envs/CUT-RUN/lib/python3.9/site-packages/snakemake/executors/__init__.py", line 979, in run
