Building DAG of jobs...
Using shell: /usr/bin/bash
Provided cluster nodes: 6
Job counts:
	count	jobs
	1	align
	1	all
	2
Select jobs to execute...

[Thu Apr 15 11:26:40 2021]
rule align:
    input: trim/Sample_1_ExpControl_1_trimmed_R1.fastq.gz, trim/Sample_1_ExpControl_1_trimmed_R2.fastq.gz
    output: alignment/Sample_1_ExpControl_1.bam
    log: logs/alignment_reports/Sample_1_ExpControl_1.log
    jobid: 1
    wildcards: sample=Sample_1_ExpControl_1
    threads: 20

Submitted job 1 with external jobid 'Submitted batch job 13044208'.
[Thu Apr 15 11:26:50 2021]
Error in rule align:
    jobid: 1
    output: alignment/Sample_1_ExpControl_1.bam
    log: logs/alignment_reports/Sample_1_ExpControl_1.log (check log file(s) for error message)
    shell:
        bowtie2 --end-to-end --very-sensitive --no-mixed --no_unal --no-discordant --phred33 -I 10 -X 700 -x /gpfs/data/fisherlab/genomes/mm10/bowtie2/mm10_index --threads 20 -1 trim/Sample_1_ExpControl_1_trimmed_R1.fastq.gz -2 trim/Sample_1_ExpControl_1_trimmed_R2.fastq.gz -S alignment/Sample_1_ExpControl_1.bam 2> logs/alignment_reports/Sample_1_ExpControl_1.log
        (one of the commands exited with non-zero exit code; note that snakemake uses bash strict mode!)
    cluster_jobid: Submitted batch job 13044208

Error executing rule align on cluster (jobid: 1, external: Submitted batch job 13044208, jobscript: /gpfs/home/gildem01/workflows/CUT-RUN/.snakemake/tmp.4pdgp273/snakejob.align.1.sh). For error details see the cluster log and the log files of the involved rule(s).
Shutting down, this might take some time.
Exiting because a job execution failed. Look above for error message
Complete log: /gpfs/home/gildem01/workflows/CUT-RUN/.snakemake/log/2021-04-15T112635.621552.snakemake.log
