Building DAG of jobs...
Using shell: /usr/bin/bash
Provided cluster nodes: 6
Job counts:
	count	jobs
	1	all
	2	fastqc
	3
Select jobs to execute...

[Mon Apr 12 15:48:42 2021]
rule fastqc:
    input: fastq/Sample_1_ExpControl_1_R1.fastq.gz
    output: fastqc/Sample_1_ExpControl_1_R1_fastqc.html, fastqc/Sample_1_ExpControl_1_R1_fastqc.zip
    jobid: 1
    wildcards: sample=Sample_1_ExpControl_1_R, read=1

Submitted job 1 with external jobid 'Submitted batch job 12997500'.

[Mon Apr 12 15:48:42 2021]
rule fastqc:
    input: fastq/Sample_1_ExpControl_1_R2.fastq.gz
    output: fastqc/Sample_1_ExpControl_1_R2_fastqc.html, fastqc/Sample_1_ExpControl_1_R2_fastqc.zip
    jobid: 2
    wildcards: sample=Sample_1_ExpControl_1_R, read=2

Submitted job 2 with external jobid 'Submitted batch job 12997501'.
[Mon Apr 12 15:51:01 2021]
Finished job 1.
1 of 3 steps (33%) done
[Mon Apr 12 15:51:01 2021]
Finished job 2.
2 of 3 steps (67%) done
Select jobs to execute...

[Mon Apr 12 15:51:02 2021]
localrule all:
    input: fastqc/Sample_1_ExpControl_1_R1_fastqc.html, fastqc/Sample_1_ExpControl_1_R2_fastqc.html
    jobid: 0

[Mon Apr 12 15:51:02 2021]
Finished job 0.
3 of 3 steps (100%) done
Complete log: /gpfs/home/gildem01/workflows/CUT-RUN/.snakemake/log/2021-04-12T154833.599228.snakemake.log
