Building DAG of jobs...
Using shell: /usr/bin/bash
Provided cluster nodes: 6
Job counts:
	count	jobs
	1	align
	1	align_spike
	1	all
	2	fastqc
	1	spike_in_norm
	1	trim
	7
Select jobs to execute...

[Mon Apr 19 10:33:32 2021]
rule trim:
    input: fastq/Sample_2_IgGControl_1_R1.fastq.gz, fastq/Sample_2_IgGControl_1_R2.fastq.gz
    output: trim/Sample_2_IgGControl_1_trimmed_R1.fastq.gz, trim/Sample_2_IgGControl_1_trimmed_R2.fastq.gz, logs/trim_reports/Sample_2_IgGControl_1.html, logs/trim_reports/Sample_2_IgGControl_1.json
    log: logs/trim_reports/Sample_2_IgGControl_1.log
    jobid: 7
    wildcards: sample=Sample_2_IgGControl_1
    threads: 4

Submitted job 7 with external jobid 'Submitted batch job 13104841'.

[Mon Apr 19 10:33:32 2021]
rule fastqc:
    input: fastq/Sample_2_IgGControl_1_R1.fastq.gz
    output: fastqc/Sample_2_IgGControl_1_R1_fastqc.html, fastqc/Sample_2_IgGControl_1_R1_fastqc.zip
    jobid: 11
    wildcards: sample=Sample_2_IgGControl_1_R, read=1

Submitted job 11 with external jobid 'Submitted batch job 13104842'.

[Mon Apr 19 10:33:32 2021]
rule fastqc:
    input: fastq/Sample_2_IgGControl_1_R2.fastq.gz
    output: fastqc/Sample_2_IgGControl_1_R2_fastqc.html, fastqc/Sample_2_IgGControl_1_R2_fastqc.zip
    jobid: 12
    wildcards: sample=Sample_2_IgGControl_1_R, read=2

Submitted job 12 with external jobid 'Submitted batch job 13104843'.
[Mon Apr 19 10:36:01 2021]
Finished job 11.
1 of 7 steps (14%) done
[Mon Apr 19 10:36:02 2021]
Finished job 12.
2 of 7 steps (29%) done
[Mon Apr 19 10:36:42 2021]
Finished job 7.
3 of 7 steps (43%) done
Select jobs to execute...

[Mon Apr 19 10:36:42 2021]
rule align_spike:
    input: trim/Sample_2_IgGControl_1_trimmed_R1.fastq.gz, trim/Sample_2_IgGControl_1_trimmed_R2.fastq.gz
    output: alignment/Sample_2_IgGControl_1_ecoli.bam
    log: logs/alignment_reports/Sample_2_IgGControl_1_ecoli.log
    jobid: 8
    wildcards: sample=Sample_2_IgGControl_1
    threads: 20

Submitted job 8 with external jobid 'Submitted batch job 13104848'.

[Mon Apr 19 10:36:42 2021]
rule align:
    input: trim/Sample_2_IgGControl_1_trimmed_R1.fastq.gz, trim/Sample_2_IgGControl_1_trimmed_R2.fastq.gz
    output: alignment/Sample_2_IgGControl_1.bam
    log: logs/alignment_reports/Sample_2_IgGControl_1.log
    jobid: 6
    wildcards: sample=Sample_2_IgGControl_1
    threads: 20

Submitted job 6 with external jobid 'Submitted batch job 13104849'.
[Mon Apr 19 10:39:02 2021]
Finished job 8.
4 of 7 steps (57%) done
[Mon Apr 19 10:54:03 2021]
Finished job 6.
5 of 7 steps (71%) done
Select jobs to execute...

[Mon Apr 19 10:54:03 2021]
rule spike_in_norm:
    input: alignment/Sample_2_IgGControl_1.bam, alignment/Sample_2_IgGControl_1_ecoli.bam
    output: alignment/bed/Sample_2_IgGControl_1.bed, alignment/bed/Sample_2_IgGControl_1.bedgraph
    jobid: 5
    wildcards: sample=Sample_2_IgGControl_1

Submitted job 5 with external jobid 'Submitted batch job 13104937'.
[Mon Apr 19 11:05:33 2021]
Finished job 5.
6 of 7 steps (86%) done
Select jobs to execute...

[Mon Apr 19 11:05:34 2021]
localrule all:
    input: alignment/bed/Sample_1_ExpControl_1.bed, alignment/bed/Sample_2_IgGControl_1.bed, alignment/bed/Sample_1_ExpControl_1.bedgraph, alignment/bed/Sample_2_IgGControl_1.bedgraph, fastqc/Sample_1_ExpControl_1_R1_fastqc.html, fastqc/Sample_1_ExpControl_1_R2_fastqc.html, fastqc/Sample_2_IgGControl_1_R1_fastqc.html, fastqc/Sample_2_IgGControl_1_R2_fastqc.html
    jobid: 0

[Mon Apr 19 11:05:34 2021]
Finished job 0.
7 of 7 steps (100%) done
Complete log: /gpfs/home/gildem01/workflows/CUT-RUN/.snakemake/log/2021-04-19T103327.930747.snakemake.log
