Building DAG of jobs...
Using shell: /usr/bin/bash
Provided cluster nodes: 6
Job counts:
	count	jobs
	1	align
	1	all
	2
Select jobs to execute...

[Thu Apr 15 14:36:08 2021]
rule align:
    input: trim/Sample_1_ExpControl_1_trimmed_R1.fastq.gz, trim/Sample_1_ExpControl_1_trimmed_R2.fastq.gz
    output: alignment/Sample_1_ExpControl_1.bam, alignment/Sample_1_ExpControl_1_ecoli.bam
    log: logs/alignment_reports/Sample_1_ExpControl_1.log
    jobid: 1
    wildcards: sample=Sample_1_ExpControl_1
    threads: 20

Submitted job 1 with external jobid 'Submitted batch job 13045345'.
Terminating processes on user request, this might take some time.
Will exit after finishing currently running jobs.
Cancelling snakemake on user request.
