Building DAG of jobs...
Using shell: /usr/bin/bash
Provided cluster nodes: 6
Job counts:
	count	jobs
	1	all
	1	spike_in_norm
	2
Select jobs to execute...

[Fri Apr 16 13:20:01 2021]
rule spike_in_norm:
    input: alignment/Sample_1_ExpControl_1.bam, alignment/Sample_1_ExpControl_1_ecoli.bam
    output: alignment/bed/Sample_1_ExpControl_1.bed, alignment/bed/Sample_1_ExpControl_1.bedgraph
    jobid: 1
    wildcards: sample=Sample_1_ExpControl_1

Submitted job 1 with external jobid 'Submitted batch job 13054764'.
[Fri Apr 16 13:20:11 2021]
Error in rule spike_in_norm:
    jobid: 1
    output: alignment/bed/Sample_1_ExpControl_1.bed, alignment/bed/Sample_1_ExpControl_1.bedgraph
    shell:
        
		depth=`alignment/Sample_1_ExpControl_1_ecoli.bam | wc -l`
		depth=$((depth/2))
		echo $depth
		scale_fac=`echo "10000 / $depth" | bc -l`
		echo $scale_fac
		bedtools bamtobed -bedpe -i alignment/Sample_1_ExpControl_1.bam | cut -f 1,2,6 | sort -k1,1 -k2,2n -k3,3n > alignment/bed/Sample_1_ExpControl_1.bed
		bedtools genomecov -bg -i alignment/bed/Sample_1_ExpControl_1.bed -scale $scale_fac -g /gpfs/data/fisherlab/genomes/mm10/STAR_75_2.7.7a/chrNameLength.txt > alignment/bed/Sample_1_ExpControl_1.bedgraph
		
        (one of the commands exited with non-zero exit code; note that snakemake uses bash strict mode!)
    cluster_jobid: Submitted batch job 13054764

Error executing rule spike_in_norm on cluster (jobid: 1, external: Submitted batch job 13054764, jobscript: /gpfs/home/gildem01/workflows/CUT-RUN/.snakemake/tmp.rn1q81z7/snakejob.spike_in_norm.1.sh). For error details see the cluster log and the log files of the involved rule(s).
Shutting down, this might take some time.
Exiting because a job execution failed. Look above for error message
Complete log: /gpfs/home/gildem01/workflows/CUT-RUN/.snakemake/log/2021-04-16T131954.073720.snakemake.log
