Building DAG of jobs...
Using shell: /usr/bin/bash
Provided cluster nodes: 6
Job counts:
	count	jobs
	1	SEACR
	1	all
	2
Select jobs to execute...

[Mon Apr 19 17:09:03 2021]
rule SEACR:
    input: alignment/bed/Sample_1_ExpControl_1.bedgraph, alignment/bed/Sample_2_IgGControl_1.bedgraph
    output: peaks/Sample_1_ExpControl_1.stringent.bed
    jobid: 1
    wildcards: sample=Sample_1_ExpControl_1

Submitted job 1 with external jobid 'Submitted batch job 13108196'.
[Mon Apr 19 17:12:32 2021]
Finished job 1.
1 of 2 steps (50%) done
Select jobs to execute...

[Mon Apr 19 17:12:33 2021]
localrule all:
    input: peaks/Sample_1_ExpControl_1.stringent.bed, fastqc/Sample_1_ExpControl_1_R1_fastqc.html, fastqc/Sample_1_ExpControl_1_R2_fastqc.html
    jobid: 0

[Mon Apr 19 17:12:33 2021]
Finished job 0.
2 of 2 steps (100%) done
Complete log: /gpfs/home/gildem01/workflows/CUT-RUN/.snakemake/log/2021-04-19T170856.049837.snakemake.log
