Building DAG of jobs...
Using shell: /usr/bin/bash
Provided cluster nodes: 6
Job counts:
	count	jobs
	1	align
	1	all
	2
Select jobs to execute...

[Thu Apr 15 10:34:14 2021]
rule align:
    input: trim/Sample_1_ExpControl_1_trimmed_R1.fastq.gz, trim/Sample_1_ExpControl_1_trimmed_R2.fastq.gz
    output: alignment/Sample_1_ExpControl_1.bam
    jobid: 1
    wildcards: sample=Sample_1_ExpControl_1
    threads: 20

Submitted job 1 with external jobid 'Submitted batch job 13043552'.
[Thu Apr 15 10:34:33 2021]
Error in rule align:
    jobid: 1
    output: alignment/Sample_1_ExpControl_1.bam
    shell:
        echo 
        (one of the commands exited with non-zero exit code; note that snakemake uses bash strict mode!)
    cluster_jobid: Submitted batch job 13043552

Error executing rule align on cluster (jobid: 1, external: Submitted batch job 13043552, jobscript: /gpfs/home/gildem01/workflows/CUT-RUN/.snakemake/tmp.j_o6ifen/snakejob.align.1.sh). For error details see the cluster log and the log files of the involved rule(s).
Shutting down, this might take some time.
Exiting because a job execution failed. Look above for error message
Complete log: /gpfs/home/gildem01/workflows/CUT-RUN/.snakemake/log/2021-04-15T103406.444948.snakemake.log
