Building DAG of jobs...
Using shell: /usr/bin/bash
Provided cluster nodes: 6
Job counts:
	count	jobs
	1	align
	1	all
	2
Select jobs to execute...

[Thu Apr 15 17:05:08 2021]
rule align:
    input: trim/Sample_1_ExpControl_1_trimmed_R1.fastq.gz, trim/Sample_1_ExpControl_1_trimmed_R2.fastq.gz
    output: alignment/Sample_1_ExpControl_1.bam
    log: logs/alignment_reports/Sample_1_ExpControl_1.log
    jobid: 1
    wildcards: sample=Sample_1_ExpControl_1
    threads: 20

Submitted job 1 with external jobid 'Submitted batch job 13046529'.
[Thu Apr 15 17:05:18 2021]
Error in rule align:
    jobid: 1
    output: alignment/Sample_1_ExpControl_1.bam
    log: logs/alignment_reports/Sample_1_ExpControl_1.log (check log file(s) for error message)
    cluster_jobid: Submitted batch job 13046529

Error executing rule align on cluster (jobid: 1, external: Submitted batch job 13046529, jobscript: /gpfs/home/gildem01/workflows/CUT-RUN/.snakemake/tmp.tlqyaddn/snakejob.align.1.sh). For error details see the cluster log and the log files of the involved rule(s).
Shutting down, this might take some time.
Exiting because a job execution failed. Look above for error message
Complete log: /gpfs/home/gildem01/workflows/CUT-RUN/.snakemake/log/2021-04-15T170502.344431.snakemake.log
