Building DAG of jobs...
Using shell: /usr/bin/bash
Provided cluster nodes: 6
Job counts:
	count	jobs
	1	align
	1	all
	2
Select jobs to execute...

[Thu Apr 15 17:07:16 2021]
rule align:
    input: trim/Sample_1_ExpControl_1_trimmed_R1.fastq.gz, trim/Sample_1_ExpControl_1_trimmed_R2.fastq.gz
    output: alignment/Sample_1_ExpControl_1.bam
    log: logs/alignment_reports/Sample_1_ExpControl_1.log
    jobid: 1
    wildcards: sample=Sample_1_ExpControl_1
    threads: 20

Submitted job 1 with external jobid 'Submitted batch job 13046535'.
[Thu Apr 15 17:35:27 2021]
Finished job 1.
1 of 2 steps (50%) done
Select jobs to execute...

[Thu Apr 15 17:35:28 2021]
localrule all:
    input: alignment/Sample_1_ExpControl_1.bam, alignment/Sample_1_ExpControl_1_ecoli.bam, fastqc/Sample_1_ExpControl_1_R1_fastqc.html, fastqc/Sample_1_ExpControl_1_R2_fastqc.html
    jobid: 0

[Thu Apr 15 17:35:28 2021]
Finished job 0.
2 of 2 steps (100%) done
Complete log: /gpfs/home/gildem01/workflows/CUT-RUN/.snakemake/log/2021-04-15T170711.463441.snakemake.log
