Building DAG of jobs...
Using shell: /usr/bin/bash
Provided cluster nodes: 6
Job counts:
	count	jobs
	1	align
	1	all
	2
Select jobs to execute...

[Thu Apr 15 10:08:06 2021]
rule align:
    input: trim/Sample_1_ExpControl_1_trimmed_R1.fastq.gz, trim/Sample_1_ExpControl_1_trimmed_R2.fastq.gz
    output: alignment/Sample_1_ExpControl_1.bam
    jobid: 1
    wildcards: sample=Sample_1_ExpControl_1
    threads: 20

Submitted job 1 with external jobid 'Submitted batch job 13043291'.
[Thu Apr 15 10:08:26 2021]
Error in rule align:
    jobid: 1
    output: alignment/Sample_1_ExpControl_1.bam
    shell:
        bowtie2 --end-to-end --very_sensitive --no-mixed --no_unal --no-discordant --phred33 -I 10 -X 700 -x /gpfs/data/fisherlab/genomes/mm10/bowtie2/mm10_index --threads 20 -1 trim/Sample_1_ExpControl_1_trimmed_R1.fastq.gz -2 trim/Sample_1_ExpControl_1_trimmed_R2.fastq.gz 2>  | samtools view -bh | samtools sort > alignment/Sample_1_ExpControl_1.bam
        (one of the commands exited with non-zero exit code; note that snakemake uses bash strict mode!)
    cluster_jobid: Submitted batch job 13043291

Error executing rule align on cluster (jobid: 1, external: Submitted batch job 13043291, jobscript: /gpfs/home/gildem01/workflows/CUT-RUN/.snakemake/tmp.irbi3vr4/snakejob.align.1.sh). For error details see the cluster log and the log files of the involved rule(s).
Shutting down, this might take some time.
Exiting because a job execution failed. Look above for error message
Complete log: /gpfs/home/gildem01/workflows/CUT-RUN/.snakemake/log/2021-04-15T100759.211410.snakemake.log
