Building DAG of jobs...
Using shell: /usr/bin/bash
Provided cluster nodes: 6
Job counts:
	count	jobs
	1	align
	1	align_spike
	1	all
	3
Select jobs to execute...

[Fri Apr 16 09:13:38 2021]
rule align:
    input: trim/Sample_1_ExpControl_1_trimmed_R1.fastq.gz, trim/Sample_1_ExpControl_1_trimmed_R2.fastq.gz
    output: alignment/Sample_1_ExpControl_1.bam
    log: logs/alignment_reports/Sample_1_ExpControl_1.log
    jobid: 1
    wildcards: sample=Sample_1_ExpControl_1
    threads: 20

Submitted job 1 with external jobid 'Submitted batch job 13051717'.

[Fri Apr 16 09:13:38 2021]
rule align_spike:
    input: trim/Sample_1_ExpControl_1_trimmed_R1.fastq.gz, trim/Sample_1_ExpControl_1_trimmed_R2.fastq.gz
    output: alignment/Sample_1_ExpControl_1_ecoli.bam
    log: logs/alignment_reports/Sample_1_ExpControl_1_ecoli.log
    jobid: 3
    wildcards: sample=Sample_1_ExpControl_1
    threads: 20

Submitted job 3 with external jobid 'Submitted batch job 13051718'.
[Fri Apr 16 09:15:58 2021]
Finished job 3.
1 of 3 steps (33%) done
[Fri Apr 16 09:34:39 2021]
Finished job 1.
2 of 3 steps (67%) done
Select jobs to execute...

[Fri Apr 16 09:34:39 2021]
localrule all:
    input: alignment/Sample_1_ExpControl_1.bam, alignment/Sample_1_ExpControl_1_ecoli.bam, fastqc/Sample_1_ExpControl_1_R1_fastqc.html, fastqc/Sample_1_ExpControl_1_R2_fastqc.html
    jobid: 0

[Fri Apr 16 09:34:39 2021]
Finished job 0.
3 of 3 steps (100%) done
Complete log: /gpfs/home/gildem01/workflows/CUT-RUN/.snakemake/log/2021-04-16T091331.219493.snakemake.log
